<?xml version="1.0" encoding="UTF-8"?>
<!-- Generated by org.testng.reporters.JUnitReportReporter -->
<testsuite hostname="Java" name="jpa.tests.PlayersTest" tests="1" failures="0" timestamp="2 Sep 2014 06:07:08 GMT" time="1.915" errors="0">
  <testcase name="test" time="1.915" classname="jpa.tests.PlayersTest"/>
</testsuite> <!-- jpa.tests.PlayersTest -->
