<?xml version="1.0" encoding="UTF-8"?>
<!-- Generated by org.testng.reporters.JUnitReportReporter -->
<testsuite hostname="Java" name="jpa.tests.WrongCredentialsToDBTest" tests="1" failures="0" timestamp="2 Sep 2014 06:01:32 GMT" time="2.188" errors="0">
  <testcase name="test" time="2.188" classname="jpa.tests.WrongCredentialsToDBTest"/>
</testsuite> <!-- jpa.tests.WrongCredentialsToDBTest -->
