<?xml version="1.0" encoding="UTF-8"?>
<!-- Generated by org.testng.reporters.JUnitReportReporter -->
<testsuite hostname="Java" name="jpa.tests.StudentTest" tests="1" failures="0" timestamp="2 Sep 2014 12:28:45 GMT" time="2.565" errors="0">
  <testcase name="test" time="2.565" classname="jpa.tests.StudentTest"/>
</testsuite> <!-- jpa.tests.StudentTest -->
