<?xml version="1.0" encoding="UTF-8"?>
<!-- Generated by org.testng.reporters.JUnitReportReporter -->
<testsuite hostname="Java" name="jpa.tests.ConnectionTest" tests="1" failures="0" timestamp="17 Aug 2014 15:22:24 GMT" time="0.149" errors="0">
  <testcase name="test" time="0.149" classname="jpa.tests.ConnectionTest"/>
</testsuite> <!-- jpa.tests.ConnectionTest -->
